<?xml version="1.0" encoding="UTF-8"?>
<!-- Generated by org.testng.reporters.JUnitReportReporter -->
<testsuite hostname="LAPTOP-002T00HJ" failures="0" tests="1" name="TesCase.sample1Test" time="11.375" errors="0" timestamp="2024-02-12T21:34:20 IST" skipped="0">
  <testcase classname="TesCase.sample1Test" name="testCase" time="11.375"/>
  <system-out/>
</testsuite> <!-- TesCase.sample1Test -->
